<?xml version="1.0" encoding="UTF-8"?>
<!-- Generated by org.testng.reporters.JUnitXMLReporter -->
<testsuite ignored="0" hostname="Aruns-MacBook-Air.local" failures="2" tests="3" name="Error Validation Test" time="29.796" errors="0" timestamp="2024-06-02T20:51:45 IST">
  <testcase classname="rahulshettyacedemy.testcases.errorvalidation" name="loginerrorvalidation" time="1.454">
    <skipped/>
  </testcase> <!-- loginerrorvalidation -->
  <testcase classname="rahulshettyacedemy.testcases.errorvalidation" name="loginerrorvalidation" time="1.034">
    <failure type="java.lang.AssertionError" message="expected [Incorrect email or password.] but found [Incorrect email password.]">
      <![CDATA[java.lang.AssertionError: expected [Incorrect email or password.] but found [Incorrect email password.]
at rahulshettyacedemy.testcases.errorvalidation.loginerrorvalidation(errorvalidation.java:41)
at java.base/java.util.ArrayList.forEach(ArrayList.java:1541)
at java.base/java.util.concurrent.FutureTask.run(FutureTask.java:264)
at java.base/java.util.concurrent.ThreadPoolExecutor.runWorker(ThreadPoolExecutor.java:1128)
at java.base/java.util.concurrent.ThreadPoolExecutor$Worker.run(ThreadPoolExecutor.java:628)
at java.base/java.lang.Thread.run(Thread.java:834)
... Removed 23 stack frames]]>
    </failure>
  </testcase> <!-- loginerrorvalidation -->
  <testcase classname="rahulshettyacedemy.testcases.errorvalidation" name="producterrorvalidation" time="5.247">
    <failure type="java.lang.AssertionError" message="expected [true] but found [false]">
      <![CDATA[java.lang.AssertionError: expected [true] but found [false]
at rahulshettyacedemy.testcases.errorvalidation.producterrorvalidation(errorvalidation.java:57)
at java.base/java.util.ArrayList.forEach(ArrayList.java:1541)
at java.base/java.util.concurrent.FutureTask.run(FutureTask.java:264)
at java.base/java.util.concurrent.ThreadPoolExecutor.runWorker(ThreadPoolExecutor.java:1128)
at java.base/java.util.concurrent.ThreadPoolExecutor$Worker.run(ThreadPoolExecutor.java:628)
at java.base/java.lang.Thread.run(Thread.java:834)
... Removed 21 stack frames]]>
    </failure>
  </testcase> <!-- producterrorvalidation -->
</testsuite> <!-- Error Validation Test -->
